 ----------------------Start--------------------------  -----------------------End---------------------------  ----------------------Start-------------------------- 2015-10-25 11:17:49,085 [6] ERROR gzdemo.code.GfLogManager - test
2015-10-25 11:18:08,412 [7] ERROR gzdemo.code.GfLogManager - test
2015-10-25 11:18:40,696 [5] ERROR gzdemo.code.GfLogManager - test
2015-10-25 11:20:13,529 [4] ERROR gzdemo.code.GfLogManager - test
2015-10-25 11:20:19,878 [4] ERROR gzdemo.code.GfLogManager - test
 -----------------------End---------------------------  ----------------------Start-------------------------- 2015-10-25 11:21:00,732 [12] ERROR gzdemo.code.GfLogManager - test
 ----------------------Start-------------------------- 2015-10-25 11:23:21,231 [5] ERROR gzdemo.code.GfLogManager - test
2015-10-25 11:23:25,487 [5] ERROR gzdemo.code.GfLogManager - test
2015-10-25 11:23:28,381 [6] ERROR gzdemo.code.GfLogManager - test
 -----------------------End---------------------------  ----------------------Start-------------------------- 2015-10-25 11:23:35,929 [11] ERROR gzdemo.code.GfLogManager - test
 ----------------------Start-------------------------- 2015-10-25 11:26:45,086 [4] ERROR gzdemo.code.GfLogManager - test
 -----------------------End---------------------------  ----------------------Start-------------------------- 2015-10-25 11:27:42,000 [11] ERROR gzdemo.code.GfLogManager - test
 ----------------------Start-------------------------- 2015-10-25 11:28:58,318 [4] ERROR gzdemo.code.GfLogManager - test
 -----------------------End---------------------------  ----------------------Start-------------------------- 2015-10-25 11:29:11,146 [6] ERROR gzdemo.code.GfLogManager - test
 ----------------------Start-------------------------- 2015-10-25 11:31:18,063 [4] ERROR gzdemo.code.GfLogManager - test
 -----------------------End---------------------------  ----------------------Start-------------------------- 2015-10-25 11:31:29,169 [10] ERROR gzdemo.code.GfLogManager - test
 ----------------------Start-------------------------- 2015-10-25 11:33:21,125 [4] ERROR gzdemo.code.GfLogManager - test
2015-10-25 11:36:56,246 [5] ERROR gzdemo.code.GfLogManager - test
 -----------------------End---------------------------  ----------------------Start-------------------------- 2015-10-25 12:47:27,088 [6] ERROR gzdemo.code.GfLogManager - test
 -----------------------End---------------------------  ----------------------Start-------------------------- 2015-10-25 12:54:56,215 [4] ERROR gzdemo.code.GfLogManager - test
2015-10-25 12:55:00,642 [4] ERROR gzdemo.code.GfLogManager - test
 -----------------------End---------------------------  ----------------------Start-------------------------- 2015-10-25 12:55:43,585 [4] ERROR gzdemo.code.GfLogManager - test
 -----------------------End---------------------------  ----------------------Start-------------------------- 2015-10-25 12:58:00,826 [11] ERROR gzdemo.code.GfLogManager - test
 ----------------------Start-------------------------- 2015-10-25 13:00:13,561 [6] ERROR gzdemo.code.GfLogManager - test
 ----------------------Start--------------------------  -----------------------End---------------------------  ----------------------Start-------------------------- 2015-10-25 13:02:11,700 [4] ERROR gzdemo.code.GfLogManager - test
2015-10-25 13:02:36,353 [4] ERROR gzdemo.code.GfLogManager - test
 -----------------------End---------------------------  ----------------------Start-------------------------- 2015-10-25 13:02:58,751 [10] ERROR gzdemo.code.GfLogManager - test
 ----------------------Start-------------------------- 2015-10-25 13:07:09,080 [10] ERROR gzdemo.code.GfLogManager - test
 ----------------------Start-------------------------- 2015-10-25 13:09:40,017 [11] ERROR gzdemo.code.GfLogManager - test
 ----------------------Start-------------------------- 2015-10-25 13:11:35,171 [4] ERROR gzdemo.code.GfLogManager - test
 -----------------------End---------------------------  ----------------------Start-------------------------- 2015-10-25 13:22:09,913 [12] ERROR gzdemo.code.GfLogManager - test
 -----------------------End--------------------------- 